# JRE version: 7.0_25-b17
# Java VM: Java HotSpot(TM) 64-Bit Server VM (23.25-b01 mixed mode windows-amd64 compressed oops)
Heap
 PSYoungGen      total 34944K, used 22695K [0x00000000eaab0000, 0x00000000edb60000, 0x0000000100000000)
  eden space 28736K, 57% used [0x00000000eaab0000,0x00000000ebad8868,0x00000000ec6c0000)
  from space 6208K, 99% used [0x00000000ec760000,0x00000000ecd616c8,0x00000000ecd70000)
  to   space 10560K, 0% used [0x00000000ed110000,0x00000000ed110000,0x00000000edb60000)
 ParOldGen       total 85952K, used 18217K [0x00000000c0000000, 0x00000000c53f0000, 0x00000000eaab0000)
  object space 85952K, 21% used [0x00000000c0000000,0x00000000c11ca5f0,0x00000000c53f0000)
 PSPermGen       total 32576K, used 32558K [0x00000000b0000000, 0x00000000b1fd0000, 0x00000000c0000000)
  object space 32576K, 99% used [0x00000000b0000000,0x00000000b1fcba20,0x00000000b1fd0000)
GC Heap History (10 events):
Event: 26.703 GC heap before
{Heap before GC invocations=5 (full 0):
 PSYoungGen      total 37632K, used 37616K [0x00000000eaab0000, 0x00000000ed4a0000, 0x0000000100000000)
  eden space 32320K, 100% used [0x00000000eaab0000,0x00000000eca40000,0x00000000eca40000)
  from space 5312K, 99% used [0x00000000ecf70000,0x00000000ed49c010,0x00000000ed4a0000)
  to   space 5312K, 0% used [0x00000000eca40000,0x00000000eca40000,0x00000000ecf70000)
 ParOldGen       total 85952K, used 8802K [0x00000000c0000000, 0x00000000c53f0000, 0x00000000eaab0000)
  object space 85952K, 10% used [0x00000000c0000000,0x00000000c0898b30,0x00000000c53f0000)
 PSPermGen       total 24128K, used 24020K [0x00000000b0000000, 0x00000000b1790000, 0x00000000c0000000)
  object space 24128K, 99% used [0x00000000b0000000,0x00000000b17752d8,0x00000000b1790000)
Event: 26.729 GC heap after
Heap after GC invocations=5 (full 0):
 PSYoungGen      total 36864K, used 5312K [0x00000000eaab0000, 0x00000000ee000000, 0x0000000100000000)
  eden space 31552K, 0% used [0x00000000eaab0000,0x00000000eaab0000,0x00000000ec980000)
  from space 5312K, 100% used [0x00000000eca40000,0x00000000ecf70000,0x00000000ecf70000)
  to   space 11520K, 0% used [0x00000000ed4c0000,0x00000000ed4c0000,0x00000000ee000000)
 ParOldGen       total 85952K, used 12198K [0x00000000c0000000, 0x00000000c53f0000, 0x00000000eaab0000)
  object space 85952K, 14% used [0x00000000c0000000,0x00000000c0be99d0,0x00000000c53f0000)
 PSPermGen       total 24128K, used 24020K [0x00000000b0000000, 0x00000000b1790000, 0x00000000c0000000)
  object space 24128K, 99% used [0x00000000b0000000,0x00000000b17752d8,0x00000000b1790000)
}
Event: 29.980 GC heap before
{Heap before GC invocations=6 (full 0):
 PSYoungGen      total 36864K, used 36864K [0x00000000eaab0000, 0x00000000ee000000, 0x0000000100000000)
  eden space 31552K, 100% used [0x00000000eaab0000,0x00000000ec980000,0x00000000ec980000)
  from space 5312K, 100% used [0x00000000eca40000,0x00000000ecf70000,0x00000000ecf70000)
  to   space 11520K, 0% used [0x00000000ed4c0000,0x00000000ed4c0000,0x00000000ee000000)
 ParOldGen       total 85952K, used 12198K [0x00000000c0000000, 0x00000000c53f0000, 0x00000000eaab0000)
  object space 85952K, 14% used [0x00000000c0000000,0x00000000c0be99d0,0x00000000c53f0000)
 PSPermGen       total 27008K, used 26816K [0x00000000b0000000, 0x00000000b1a60000, 0x00000000c0000000)
  object space 27008K, 99% used [0x00000000b0000000,0x00000000b1a30160,0x00000000b1a60000)
Event: 30.004 GC heap after
Heap after GC invocations=6 (full 0):
 PSYoungGen      total 40640K, used 7857K [0x00000000eaab0000, 0x00000000ede60000, 0x0000000100000000)
  eden space 30784K, 0% used [0x00000000eaab0000,0x00000000eaab0000,0x00000000ec8c0000)
  from space 9856K, 79% used [0x00000000ed4c0000,0x00000000edc6c448,0x00000000ede60000)
  to   space 11072K, 0% used [0x00000000ec8c0000,0x00000000ec8c0000,0x00000000ed390000)
 ParOldGen       total 85952K, used 12270K [0x00000000c0000000, 0x00000000c53f0000, 0x00000000eaab0000)
  object space 85952K, 14% used [0x00000000c0000000,0x00000000c0bfb9e0,0x00000000c53f0000)
 PSPermGen       total 27008K, used 26816K [0x00000000b0000000, 0x00000000b1a60000, 0x00000000c0000000)
  object space 27008K, 99% used [0x00000000b0000000,0x00000000b1a30160,0x00000000b1a60000)
}
Event: 32.150 GC heap before
{Heap before GC invocations=7 (full 0):
 PSYoungGen      total 40640K, used 38641K [0x00000000eaab0000, 0x00000000ede60000, 0x0000000100000000)
  eden space 30784K, 100% used [0x00000000eaab0000,0x00000000ec8c0000,0x00000000ec8c0000)
  from space 9856K, 79% used [0x00000000ed4c0000,0x00000000edc6c448,0x00000000ede60000)
  to   space 11072K, 0% used [0x00000000ec8c0000,0x00000000ec8c0000,0x00000000ed390000)
 ParOldGen       total 85952K, used 12270K [0x00000000c0000000, 0x00000000c53f0000, 0x00000000eaab0000)
  object space 85952K, 14% used [0x00000000c0000000,0x00000000c0bfb9e0,0x00000000c53f0000)
 PSPermGen       total 27008K, used 26889K [0x00000000b0000000, 0x00000000b1a60000, 0x00000000c0000000)
  object space 27008K, 99% used [0x00000000b0000000,0x00000000b1a42798,0x00000000b1a60000)
Event: 32.211 GC heap after
Heap after GC invocations=7 (full 0):
 PSYoungGen      total 35072K, used 4976K [0x00000000eaab0000, 0x00000000eddd0000, 0x0000000100000000)
  eden space 30080K, 0% used [0x00000000eaab0000,0x00000000eaab0000,0x00000000ec810000)
  from space 4992K, 99% used [0x00000000ec8c0000,0x00000000ecd9c010,0x00000000ecda0000)
  to   space 11136K, 0% used [0x00000000ed2f0000,0x00000000ed2f0000,0x00000000eddd0000)
 ParOldGen       total 85952K, used 14295K [0x00000000c0000000, 0x00000000c53f0000, 0x00000000eaab0000)
  object space 85952K, 16% used [0x00000000c0000000,0x00000000c0df5ec0,0x00000000c53f0000)
 PSPermGen       total 27008K, used 26889K [0x00000000b0000000, 0x00000000b1a60000, 0x00000000c0000000)
  object space 27008K, 99% used [0x00000000b0000000,0x00000000b1a42798,0x00000000b1a60000)
}
Event: 36.667 GC heap before
{Heap before GC invocations=8 (full 0):
 PSYoungGen      total 35072K, used 35056K [0x00000000eaab0000, 0x00000000eddd0000, 0x0000000100000000)
  eden space 30080K, 100% used [0x00000000eaab0000,0x00000000ec810000,0x00000000ec810000)
  from space 4992K, 99% used [0x00000000ec8c0000,0x00000000ecd9c010,0x00000000ecda0000)
  to   space 11136K, 0% used [0x00000000ed2f0000,0x00000000ed2f0000,0x00000000eddd0000)
 ParOldGen       total 85952K, used 14295K [0x00000000c0000000, 0x00000000c53f0000, 0x00000000eaab0000)
  object space 85952K, 16% used [0x00000000c0000000,0x00000000c0df5ec0,0x00000000c53f0000)
 PSPermGen       total 29888K, used 29886K [0x00000000b0000000, 0x00000000b1d30000, 0x00000000c0000000)
  object space 29888K, 99% used [0x00000000b0000000,0x00000000b1d2f860,0x00000000b1d30000)
Event: 36.687 GC heap after
Heap after GC invocations=8 (full 0):
 PSYoungGen      total 39040K, used 6754K [0x00000000eaab0000, 0x00000000edc60000, 0x0000000100000000)
  eden space 29376K, 0% used [0x00000000eaab0000,0x00000000eaab0000,0x00000000ec760000)
  from space 9664K, 69% used [0x00000000ed2f0000,0x00000000ed988950,0x00000000edc60000)
  to   space 10752K, 0% used [0x00000000ec760000,0x00000000ec760000,0x00000000ed1e0000)
 ParOldGen       total 85952K, used 16692K [0x00000000c0000000, 0x00000000c53f0000, 0x00000000eaab0000)
  object space 85952K, 19% used [0x00000000c0000000,0x00000000c104d1d0,0x00000000c53f0000)
 PSPermGen       total 29888K, used 29886K [0x00000000b0000000, 0x00000000b1d30000, 0x00000000c0000000)
  object space 29888K, 99% used [0x00000000b0000000,0x00000000b1d2f860,0x00000000b1d30000)
}
Event: 38.010 GC heap before
{Heap before GC invocations=9 (full 0):
 PSYoungGen      total 39040K, used 36130K [0x00000000eaab0000, 0x00000000edc60000, 0x0000000100000000)
  eden space 29376K, 100% used [0x00000000eaab0000,0x00000000ec760000,0x00000000ec760000)
  from space 9664K, 69% used [0x00000000ed2f0000,0x00000000ed988950,0x00000000edc60000)
  to   space 10752K, 0% used [0x00000000ec760000,0x00000000ec760000,0x00000000ed1e0000)
 ParOldGen       total 85952K, used 16692K [0x00000000c0000000, 0x00000000c53f0000, 0x00000000eaab0000)
  object space 85952K, 19% used [0x00000000c0000000,0x00000000c104d1d0,0x00000000c53f0000)
 PSPermGen       total 32000K, used 31985K [0x00000000b0000000, 0x00000000b1f40000, 0x00000000c0000000)
  object space 32000K, 99% used [0x00000000b0000000,0x00000000b1f3c600,0x00000000b1f40000)
Event: 38.027 GC heap after
Heap after GC invocations=9 (full 0):
 PSYoungGen      total 34944K, used 6149K [0x00000000eaab0000, 0x00000000edb60000, 0x0000000100000000)
  eden space 28736K, 0% used [0x00000000eaab0000,0x00000000eaab0000,0x00000000ec6c0000)
  from space 6208K, 99% used [0x00000000ec760000,0x00000000ecd616c8,0x00000000ecd70000)
  to   space 10560K, 0% used [0x00000000ed110000,0x00000000ed110000,0x00000000edb60000)
 ParOldGen       total 85952K, used 18217K [0x00000000c0000000, 0x00000000c53f0000, 0x00000000eaab0000)
  object space 85952K, 21% used [0x00000000c0000000,0x00000000c11ca5f0,0x00000000c53f0000)
 PSPermGen       total 32000K, used 31985K [0x00000000b0000000, 0x00000000b1f40000, 0x00000000c0000000)
  object space 32000K, 99% used [0x00000000b0000000,0x00000000b1f3c600,0x00000000b1f40000)
}

